app/build/outputs/logs/manifest-merger-release-report.txt
-- Merging decision tree log ---
manifest
ADDED from src\main\AndroidManifest.xml:2:1-49:12
	package
		ADDED from src\main\AndroidManifest.xml:3:5-39
		INJECTED from src\main\AndroidManifest.xml
		INJECTED from src\main\AndroidManifest.xml
	android:versionName
		INJECTED from src\main\AndroidManifest.xml
		INJECTED from src\main\AndroidManifest.xml
	xmlns:android
		ADDED from src\main\AndroidManifest.xml:2:11-69
	android:versionCode
		INJECTED from src\main\AndroidManifest.xml
		INJECTED from src\main\AndroidManifest.xml
application
ADDED from src\main\AndroidManifest.xml:5:5-47:19
MERGED from [com.android.support.constraint:constraint-layout:1.0.2] AndroidManifest.xml:9:5-20
MERGED from [com.android.support:design:25.2.0] AndroidManifest.xml:25:5-20
MERGED from [com.android.support:appcompat-v7:25.2.0] AndroidManifest.xml:25:5-20
MERGED from [com.android.support:animated-vector-drawable:25.2.0] AndroidManifest.xml:22:5-20
MERGED from [com.android.support:support-vector-drawable:25.2.0] AndroidManifest.xml:23:5-20
MERGED from [com.android.support:transition:25.2.0] AndroidManifest.xml:22:5-20
MERGED from [com.android.support:support-v4:25.2.0] AndroidManifest.xml:25:5-20
MERGED from [com.android.support:support-fragment:25.2.0] AndroidManifest.xml:25:5-20
MERGED from [com.android.support:support-media-compat:25.2.0] AndroidManifest.xml:25:5-20
MERGED from [com.android.support:support-core-ui:25.2.0] AndroidManifest.xml:25:5-20
MERGED from [com.android.support:support-core-utils:25.2.0] AndroidManifest.xml:25:5-20
MERGED from [com.android.support:support-compat:25.2.0] AndroidManifest.xml:25:5-20
	android:label
		ADDED from src\main\AndroidManifest.xml:8:9-41
	android:supportsRtl
		ADDED from src\main\AndroidManifest.xml:10:9-35
	android:roundIcon
		ADDED from src\main\AndroidManifest.xml:9:9-54
	android:allowBackup
		ADDED from src\main\AndroidManifest.xml:6:9-35
	android:icon
		ADDED from src\main\AndroidManifest.xml:7:9-43
	android:theme
		ADDED from src\main\AndroidManifest.xml:11:9-40
activity#com.example.hp_pc.events.Events
ADDED from src\main\AndroidManifest.xml:12:9-15:59
	android:label
		ADDED from src\main\AndroidManifest.xml:14:13-45
	android:theme
		ADDED from src\main\AndroidManifest.xml:15:13-56
	android:name
		ADDED from src\main\AndroidManifest.xml:13:13-35
activity#com.example.hp_pc.events.login.LoginActivity
ADDED from src\main\AndroidManifest.xml:16:9-24:20
	android:theme
		ADDED from src\main\AndroidManifest.xml:18:13-56
	android:name
		ADDED from src\main\AndroidManifest.xml:17:13-48
intent-filter#android.intent.action.MAIN+android.intent.category.LAUNCHER
ADDED from src\main\AndroidManifest.xml:19:13-23:29
action#android.intent.action.MAIN
ADDED from src\main\AndroidManifest.xml:20:17-69
	android:name
		ADDED from src\main\AndroidManifest.xml:20:25-66
category#android.intent.category.LAUNCHER
ADDED from src\main\AndroidManifest.xml:22:17-77
	android:name
		ADDED from src\main\AndroidManifest.xml:22:27-74
activity#com.example.hp_pc.events.login.RegisterActivity
ADDED from src\main\AndroidManifest.xml:25:9-27:59
	android:theme
		ADDED from src\main\AndroidManifest.xml:27:13-56
	android:name
		ADDED from src\main\AndroidManifest.xml:26:13-51
activity#com.example.hp_pc.events.Attendees
ADDED from src\main\AndroidManifest.xml:28:9-32:59
	android:label
		ADDED from src\main\AndroidManifest.xml:30:13-61
	android:parentActivityName
		ADDED from src\main\AndroidManifest.xml:31:13-49
	android:theme
		ADDED from src\main\AndroidManifest.xml:32:13-56
	android:name
		ADDED from src\main\AndroidManifest.xml:29:13-38
activity#com.example.hp_pc.events.EventDetails
ADDED from src\main\AndroidManifest.xml:33:9-35:64
	android:theme
		ADDED from src\main\AndroidManifest.xml:35:13-61
	android:name
		ADDED from src\main\AndroidManifest.xml:34:13-41
activity#com.example.hp_pc.events.AttendeesDetails
ADDED from src\main\AndroidManifest.xml:36:9-39:64
	android:label
		ADDED from src\main\AndroidManifest.xml:38:13-50
	android:theme
		ADDED from src\main\AndroidManifest.xml:39:13-61
	android:name
		ADDED from src\main\AndroidManifest.xml:37:13-45
provider#com.example.hp_pc.events.data.EventProvider
ADDED from src\main\AndroidManifest.xml:41:9-44:40
	android:authorities
		ADDED from src\main\AndroidManifest.xml:43:13-59
	android:exported
		ADDED from src\main\AndroidManifest.xml:44:13-37
	android:name
		ADDED from src\main\AndroidManifest.xml:42:13-47
activity#com.example.hp_pc.events.login.UserProfile
ADDED from src\main\AndroidManifest.xml:46:9-64
	android:name
		ADDED from src\main\AndroidManifest.xml:46:19-52
uses-sdk
INJECTED from src\main\AndroidManifest.xml reason: use-sdk injection requested
MERGED from [com.android.support.constraint:constraint-layout:1.0.2] AndroidManifest.xml:5:5-7:41
MERGED from [com.android.support:design:25.2.0] AndroidManifest.xml:21:5-23:62
MERGED from [com.android.support:appcompat-v7:25.2.0] AndroidManifest.xml:21:5-23:78
MERGED from [com.android.support:animated-vector-drawable:25.2.0] AndroidManifest.xml:20:5-44
MERGED from [com.android.support:support-vector-drawable:25.2.0] AndroidManifest.xml:21:5-43
MERGED from [com.android.support:recyclerview-v7:25.2.0] AndroidManifest.xml:20:5-43
MERGED from [com.android.support:transition:25.2.0] AndroidManifest.xml:20:5-44
MERGED from [com.android.support:support-v4:25.2.0] AndroidManifest.xml:21:5-23:54
MERGED from [com.android.support:support-fragment:25.2.0] AndroidManifest.xml:21:5-23:60
MERGED from [com.android.support:support-media-compat:25.2.0] AndroidManifest.xml:21:5-23:63
MERGED from [com.android.support:support-core-ui:25.2.0] AndroidManifest.xml:21:5-23:58
MERGED from [com.android.support:support-core-utils:25.2.0] AndroidManifest.xml:21:5-23:61
MERGED from [com.android.support:support-compat:25.2.0] AndroidManifest.xml:21:5-23:58
	tools:overrideLibrary
		ADDED from [com.android.support:design:25.2.0] AndroidManifest.xml:23:9-59
	android:targetSdkVersion
		INJECTED from src\main\AndroidManifest.xml
		INJECTED from src\main\AndroidManifest.xml
	android:minSdkVersion
		INJECTED from src\main\AndroidManifest.xml
		INJECTED from src\main\AndroidManifest.xml